[04/24 10:20:58] Setting ctype locale to C
[04/24 10:20:58] Setting time locale to C
[04/24 10:20:58] Setting messages locale to C
[04/24 10:20:58] Setting collate locale to C
[04/24 10:20:58] PennMUSH version 1.7.7 patchlevel 13 [04/09/2003]
[04/24 10:20:58] MUSH restarted, PID 6899, at Thu Apr 24 10:20:58 2003

[04/24 10:20:58] FLAG INIT: flag alias SPACE_OBJEC matches no known flag.
[04/24 10:20:58] FLAG INIT: flag alias SPACE_OBJE matches no known flag.
[04/24 10:20:58] FLAG INIT: flag alias SPACE_OBJ matches no known flag.
[04/24 10:20:58] FLAG INIT: flag alias SPACE_OB matches no known flag.
[04/24 10:20:58] FLAG INIT: flag alias SPACE_O matches no known flag.
[04/24 10:20:58] FLAG INIT: flag alias SPACE_ matches no known flag.
[04/24 10:20:58] FLAG INIT: flag alias SPACE matches no known flag.
[04/24 10:20:58] FLAG INIT: flag alias SPAC matches no known flag.
[04/24 10:20:58] FLAG INIT: flag alias SPA matches no known flag.
[04/24 10:20:58] FLAG INIT: flag alias SP matches no known flag.
[04/24 10:20:58] Reading mush.cnf
[04/24 10:20:58] CONFIG: option max_logins value limited to 128

[04/24 10:20:58] CONFIG: option max_pennies value limited to 100000

[04/24 10:20:58] CONFIG: option function_invocation_limit value limited to 100000

[04/24 10:20:58] CONFIG: option chan_cost value limited to 10000

[04/24 10:20:58] CONFIG: option kill_min_cost value limited to 10000

[04/24 10:20:58] CONFIG: option kill_default_cost value limited to 10000

[04/24 10:20:58] Reading alias.cnf
[04/24 10:20:58] Reading restrict.cnf
[04/24 10:20:58] CONFIG: directive 'sslport' missing from cnf file, using default value.
[04/24 10:20:58] CONFIG: directive 'dump_message' missing from cnf file, using default value.
[04/24 10:20:58] CONFIG: directive 'dump_complete' missing from cnf file, using default value.
[04/24 10:20:58] CONFIG: directive 'dump_warning_1min' missing from cnf file, using default value.
[04/24 10:20:58] CONFIG: directive 'dump_warning_5min' missing from cnf file, using default value.
[04/24 10:20:58] CONFIG: directive 'exit_flags' missing from cnf file, using default value.
[04/24 10:20:58] ANALYZING: data/indb
[04/24 10:20:58] ANALYZING: data/indb (done)
[04/24 10:20:58] LOADING: data/indb
[04/24 10:20:58] READING: done
[04/24 10:20:58] LOADING: data/indb (done)
[04/24 10:20:58] WARNING: Player_start (#283) is NOT a room.
[04/24 10:20:58] Reading access.cnf
[04/24 10:20:58] Seeded RNG from /dev/urandom
[04/24 10:20:58] Reading mush.cnf
[04/24 10:20:58] Reading alias.cnf
[04/24 10:20:58] Reading restrict.cnf
[04/24 10:20:58] CONFIG: directive 'sslport' missing from cnf file, using default value.
[04/24 10:20:58] CONFIG: directive 'dump_message' missing from cnf file, using default value.
[04/24 10:20:58] CONFIG: directive 'dump_complete' missing from cnf file, using default value.
[04/24 10:20:58] CONFIG: directive 'dump_warning_1min' missing from cnf file, using default value.
[04/24 10:20:58] CONFIG: directive 'dump_warning_5min' missing from cnf file, using default value.
[04/24 10:20:58] CONFIG: directive 'exit_flags' missing from cnf file, using default value.
[04/24 10:20:58] Spawning info slave using socketpair, pid 6904, ident 1
[04/24 10:20:58] Accepted info slave from unix-domain socket
Listening on port 4201 using IPv6.
[04/24 10:20:58] 1018 file descriptors available.
[04/24 10:20:58] RESTART FINISHED.
[04/24 10:22:38] kill: killing info_slave_pid 6904
info_slave reading remote size: Invalid argument
Redirecting output to: log/netmush.log
[04/24 10:22:39] Setting ctype locale to C
[04/24 10:22:39] Setting time locale to C
[04/24 10:22:39] Setting messages locale to C
[04/24 10:22:39] Setting collate locale to C
[04/24 10:22:39] PennMUSH version 1.7.7 patchlevel 13 [04/09/2003]
[04/24 10:22:39] MUSH restarted, PID 6899, at Thu Apr 24 10:22:39 2003

[04/24 10:22:39] FLAG INIT: flag alias SPACE_OBJEC matches no known flag.
[04/24 10:22:39] FLAG INIT: flag alias SPACE_OBJE matches no known flag.
[04/24 10:22:39] FLAG INIT: flag alias SPACE_OBJ matches no known flag.
[04/24 10:22:39] FLAG INIT: flag alias SPACE_OB matches no known flag.
[04/24 10:22:39] FLAG INIT: flag alias SPACE_O matches no known flag.
[04/24 10:22:39] FLAG INIT: flag alias SPACE_ matches no known flag.
[04/24 10:22:39] FLAG INIT: flag alias SPACE matches no known flag.
[04/24 10:22:39] FLAG INIT: flag alias SPAC matches no known flag.
[04/24 10:22:39] FLAG INIT: flag alias SPA matches no known flag.
[04/24 10:22:39] FLAG INIT: flag alias SP matches no known flag.
[04/24 10:22:39] Reading mush.cnf
[04/24 10:22:39] CONFIG: option max_logins value limited to 128

[04/24 10:22:39] CONFIG: option max_pennies value limited to 100000

[04/24 10:22:39] CONFIG: option function_invocation_limit value limited to 100000

[04/24 10:22:39] CONFIG: option chan_cost value limited to 10000

[04/24 10:22:39] CONFIG: option kill_min_cost value limited to 10000

[04/24 10:22:39] CONFIG: option kill_default_cost value limited to 10000

[04/24 10:22:39] Reading alias.cnf
[04/24 10:22:39] Reading restrict.cnf
[04/24 10:22:39] CONFIG: directive 'sslport' missing from cnf file, using default value.
[04/24 10:22:39] CONFIG: directive 'dump_message' missing from cnf file, using default value.
[04/24 10:22:39] CONFIG: directive 'dump_complete' missing from cnf file, using default value.
[04/24 10:22:39] CONFIG: directive 'dump_warning_1min' missing from cnf file, using default value.
[04/24 10:22:39] CONFIG: directive 'dump_warning_5min' missing from cnf file, using default value.
[04/24 10:22:39] CONFIG: directive 'exit_flags' missing from cnf file, using default value.
[04/24 10:22:39] ANALYZING: data/outdb
[04/24 10:22:39] ANALYZING: data/outdb (done)
[04/24 10:22:39] LOADING: data/outdb
[04/24 10:22:39] READING: done
[04/24 10:22:39] LOADING: data/outdb (done)
[04/24 10:22:39] WARNING: Player_start (#283) is NOT a room.
[04/24 10:22:39] LOADING: data/maildb
[04/24 10:22:39] LOADING: data/maildb (done)
[04/24 10:22:39] LOADING: data/chatdb
[04/24 10:22:39] LOADING: data/chatdb (done)
[04/24 10:22:39] Reading access.cnf
[04/24 10:22:39] Seeded RNG from /dev/urandom
[04/24 10:22:39] Reading mush.cnf
[04/24 10:22:39] Reading alias.cnf
[04/24 10:22:39] Reading restrict.cnf
[04/24 10:22:39] CONFIG: directive 'sslport' missing from cnf file, using default value.
[04/24 10:22:39] CONFIG: directive 'dump_message' missing from cnf file, using default value.
[04/24 10:22:39] CONFIG: directive 'dump_complete' missing from cnf file, using default value.
[04/24 10:22:39] CONFIG: directive 'dump_warning_1min' missing from cnf file, using default value.
[04/24 10:22:39] CONFIG: directive 'dump_warning_5min' missing from cnf file, using default value.
[04/24 10:22:39] CONFIG: directive 'exit_flags' missing from cnf file, using default value.
[04/24 10:22:39] Spawning info slave using socketpair, pid 6922, ident 1
[04/24 10:22:39] Accepted info slave from unix-domain socket
[04/24 10:22:39] 1018 file descriptors available.
[04/24 10:22:39] RESTART FINISHED.
[04/24 10:30:21] RPT: SHUTDOWN by One(#1)

[04/24 10:30:21] kill: killing info_slave_pid 6922
[04/24 10:30:21] DUMPING: data/outdb.#2#
[04/24 10:30:21] DUMPING: data/outdb.#2# (done)
[04/24 10:30:21] Process statistics:
[04/24 10:30:21] Time used:            0 user            0 sys
[04/24 10:30:21] Max res mem:          0 pages           0 bytes
[04/24 10:30:21] Integral mem:         0 shared          0 private          0 stack
[04/24 10:30:21] Page faults:        902 hard         2156 soft             0 swapouts
[04/24 10:30:21] Disk I/O:             0 reads           0 writes
[04/24 10:30:21] Network I/O:          0 in              0 out
[04/24 10:30:21] Context swi:          0 vol             0 forced
[04/24 10:30:21] Signals:              0
[04/24 10:30:21] MUSH shutdown completed.
