1084212524 [1] setting unignoreWord => unignore-everyone
1084212524 [2] setting confdir => conf
1084212524 [3] setting helpfile => infobot.help
1084212524 [4] setting srcdir => src
1084212524 [5] setting extradir => extras
1084212524 [6] setting repeatIgnoreInterval => 8
1084212524 [7] setting allowLeave => public
1084212524 [8] setting userList => infobot.users
1084212524 [9] setting channelList => infobot.channels
1084212524 [10] setting quitMsg => regrouping; bbiab
1084212524 [11] setting minVolunteerLength => 8
1084212524 [12] setting sanePrefix => sane
1084212524 [13] setting weather => true
1084212524 [14] setting metar => true
1084212524 [15] setting babel => true
1084212524 [16] setting slash => true
1084212524 [17] setting insult => true
1084212524 [18] setting excuse => true
1084212524 [19] setting wwwsearch => update
1084212524 [20] setting rss => true
1084212524 [21] setting purldoc => true
1084212524 [22] setting purldoc_trigger => purldoc
1084212524 [23] setting purldoc_max_public => 3
1084212524 [24] setting ispell => true
1084212524 [25] setting zippy => true
1084212524 [26] setting magic8_answers => conf/magic8.txt
1084212524 [27] setting exchange => true
1084212524 [28] setting stockquotes => true
1084212524 [29] setting pinky => true
1084212524 [30] setting gender => onna
1084212524 [31] setting tarot => true
1084212524 [32] loaded param file ./conf/infobot.config (61 items)
1084212524 [33] Parameters are:   DBMExt ->    DBMModule -> AnyDBM_File   DEBUG -> 1   VERBOSITY -> 3   acceptUrl -> OPTIONAL   addressing -> OPTIONAL   allowConv -> 1   allowDNS -> 1   allowInternic -> 1   allowLeave -> public   allowTelling -> 1   allowTraceroute -> 1   allowUpdate -> 1   ansi_control -> 1   babel -> true   basedir -> .   channelList -> infobot.channels   commitDBM -> 5   confdir -> conf   dbname -> Colin   exchange -> true   excuse -> true   extradir -> extras   fortranMath -> 0   gender -> onna   helpfile -> infobot.help   ident -> Colin   ignore -> Colin-ignore   insult -> true   ircuser -> Colin   ispell -> true   join_channels -> #infobot #Colin   keywords -> Colin-keywords   logfile -> Colin.log   magic8_answers -> conf/magic8.txt   maxDataSize -> 400   maxKeySize -> 50   metar -> true   minVolunteerLength -> 8   mush_passwd -> Colin   mush_user -> Colin   perlMath -> 0   pinky -> true   plusplus -> Colin-karma   port -> 6700   purldoc -> true   purldoc_max_public -> 3   purldoc_trigger -> purldoc   quitMsg -> regrouping; bbiab   realname -> Colin   repeatIgnoreInterval -> 8   rss -> true   sanePrefix -> sane   seen -> Colin-seen   server -> oompa-loompa.net   sharedDBMs ->    slash -> true   srcdir -> src   stockquotes -> true   tarot -> true   unignoreWord -> unignore-everyone   userList -> infobot.users   wantNick -> Colin   weather -> true   wwwsearch -> update   zippy -> true
1084212524 [34] Loaded help file infobot.help
1084212524 [35] opened is -> ./Colin-is
1084212524 [36] opened are -> ./Colin-are
1084212524 [37] opened ignore -> ./Colin-ignore
1084212524 [38] loading sane defines conf/sane-is.txt
1084212524 [39] loaded conf/sane-is.txt into is (8/8 good items)
1084212524 [40] loading sane defines conf/sane-are.txt
1084212524 [41] loaded conf/sane-are.txt into are (6/6 good items)
1084212524 [42] Adding *cthulhu!hastur@*unspeakable.net to ignore list (from sane).
1084212524 [43] Adding *!*@*nan*direct.ca to ignore list (from sane).
1084212524 [44] Adding *!*@200.38.211.* to ignore list (from sane).
1084212524 [45] opened plusplus -> ./Colin-karma
1084212524 [46] opened seen -> ./Colin-seen
1084212524 [47] Parsing User File
1084212524 [48] found user default: flags +trmc
1084212524 [49] found user Jerome: flags +tromf
1084212524 [50] Parsing Channel File
1084212524 [51] setup: 14 factoids; 8 IS; 6 ARE
1084212524 [52] Connecting to port 6700 of server oompa-loompa.net ()...
1084212524 [53]  connected.
1084212524 [54] Skipping past opening blather
1084212524 [55] Sending username and password
1084212529 [56] Unparseable: ÿý"This world is Pueblo 1.10 Enhanced.
1084212539 [57] quit
1084212539 [58] closed db seen
1084212539 [59] closed db ignore
1084212539 [60] closed db plusplus
1084212539 [61] closed db is
1084212539 [62] closed db are
1084212626 [1] setting unignoreWord => unignore-everyone
1084212626 [2] setting confdir => conf
1084212626 [3] setting helpfile => infobot.help
1084212626 [4] setting srcdir => src
1084212626 [5] setting extradir => extras
1084212626 [6] setting repeatIgnoreInterval => 8
1084212626 [7] setting allowLeave => public
1084212626 [8] setting userList => infobot.users
1084212626 [9] setting channelList => infobot.channels
1084212626 [10] setting quitMsg => regrouping; bbiab
1084212626 [11] setting minVolunteerLength => 8
1084212626 [12] setting sanePrefix => sane
1084212626 [13] setting weather => true
1084212626 [14] setting metar => true
1084212626 [15] setting babel => true
1084212626 [16] setting slash => true
1084212626 [17] setting insult => true
1084212626 [18] setting excuse => true
1084212626 [19] setting wwwsearch => update
1084212626 [20] setting rss => true
1084212626 [21] setting purldoc => true
1084212626 [22] setting purldoc_trigger => purldoc
1084212626 [23] setting purldoc_max_public => 3
1084212626 [24] setting ispell => true
1084212626 [25] setting zippy => true
1084212626 [26] setting magic8_answers => conf/magic8.txt
1084212626 [27] setting exchange => true
1084212626 [28] setting stockquotes => true
1084212626 [29] setting pinky => true
1084212626 [30] setting gender => onna
1084212626 [31] setting tarot => true
1084212626 [32] loaded param file ./conf/infobot.config (61 items)
1084212626 [33] Parameters are:   DBMExt ->    DBMModule -> AnyDBM_File   DEBUG -> 1   VERBOSITY -> 3   acceptUrl -> OPTIONAL   addressing -> OPTIONAL   allowConv -> 1   allowDNS -> 1   allowInternic -> 1   allowLeave -> public   allowTelling -> 1   allowTraceroute -> 1   allowUpdate -> 1   ansi_control -> 1   babel -> true   basedir -> .   channelList -> infobot.channels   commitDBM -> 5   confdir -> conf   dbname -> Colin   exchange -> true   excuse -> true   extradir -> extras   fortranMath -> 0   gender -> onna   helpfile -> infobot.help   ident -> Colin   ignore -> Colin-ignore   insult -> true   ircuser -> Colin   ispell -> true   join_channels -> #infobot #Colin   keywords -> Colin-keywords   logfile -> Colin.log   magic8_answers -> conf/magic8.txt   maxDataSize -> 400   maxKeySize -> 50   metar -> true   minVolunteerLength -> 8   mush_passwd -> Colinbot   mush_user -> Colin   perlMath -> 0   pinky -> true   plusplus -> Colin-karma   port -> 6700   purldoc -> true   purldoc_max_public -> 3   purldoc_trigger -> purldoc   quitMsg -> regrouping; bbiab   realname -> Colin   repeatIgnoreInterval -> 8   rss -> true   sanePrefix -> sane   seen -> Colin-seen   server -> oompa-loompa.net   sharedDBMs ->    slash -> true   srcdir -> src   stockquotes -> true   tarot -> true   unignoreWord -> unignore-everyone   userList -> infobot.users   wantNick -> Colin   weather -> true   wwwsearch -> update   zippy -> true
1084212626 [34] Loaded help file infobot.help
1084212626 [35] failed to open are -> ./Colin-are
1084212626 [36] failed to open is -> ./Colin-is
1084212626 [37] failed to open ignore -> ./Colin-ignore
1084212626 [38] loading sane defines conf/sane-is.txt
1084212626 [39] loaded conf/sane-is.txt into is (8/8 good items)
1084212626 [40] loading sane defines conf/sane-are.txt
1084212626 [41] loaded conf/sane-are.txt into are (6/6 good items)
1084212626 [42] Adding *cthulhu!hastur@*unspeakable.net to ignore list (from sane).
1084212626 [43] Adding *!*@*nan*direct.ca to ignore list (from sane).
1084212626 [44] Adding *!*@200.38.211.* to ignore list (from sane).
1084212626 [45] failed to open plusplus -> ./Colin-karma
1084212626 [46] failed to open seen -> ./Colin-seen
1084212626 [47] Parsing User File
1084212626 [48] found user default: flags +trmc
1084212626 [49] found user Jerome: flags +tromf
1084212626 [50] Parsing Channel File
1084212626 [51] setup: 14 factoids; 8 IS; 6 ARE
1084212626 [52] Connecting to port 6700 of server oompa-loompa.net ()...
1084212626 [53]  connected.
1084212626 [54] Skipping past opening blather
1084212626 [55] Sending username and password
1084212631 [56] Unparseable: ÿý"This world is Pueblo 1.10 Enhanced.
1084212646 [57] quit
1084212646 [58] closed db seen
1084212646 [59] closed db are
1084212646 [60] closed db is
1084212646 [61] closed db ignore
1084212646 [62] closed db plusplus
1084212675 [1] setting unignoreWord => unignore-everyone
1084212675 [2] setting confdir => conf
1084212675 [3] setting helpfile => infobot.help
1084212675 [4] setting srcdir => src
1084212675 [5] setting extradir => extras
1084212675 [6] setting repeatIgnoreInterval => 8
1084212675 [7] setting allowLeave => public
1084212675 [8] setting userList => infobot.users
1084212675 [9] setting channelList => infobot.channels
1084212675 [10] setting quitMsg => regrouping; bbiab
1084212675 [11] setting minVolunteerLength => 8
1084212675 [12] setting sanePrefix => sane
1084212675 [13] setting weather => true
1084212675 [14] setting metar => true
1084212675 [15] setting babel => true
1084212675 [16] setting slash => true
1084212675 [17] setting insult => true
1084212675 [18] setting excuse => true
1084212675 [19] setting wwwsearch => update
1084212675 [20] setting rss => true
1084212675 [21] setting purldoc => true
1084212675 [22] setting purldoc_trigger => purldoc
1084212675 [23] setting purldoc_max_public => 3
1084212675 [24] setting ispell => true
1084212675 [25] setting zippy => true
1084212675 [26] setting magic8_answers => conf/magic8.txt
1084212675 [27] setting exchange => true
1084212675 [28] setting stockquotes => true
1084212675 [29] setting pinky => true
1084212675 [30] setting gender => onna
1084212675 [31] setting tarot => true
1084212675 [32] loaded param file ./conf/infobot.config (61 items)
1084212675 [33] Parameters are:   DBMExt ->    DBMModule -> AnyDBM_File   DEBUG -> 1   VERBOSITY -> 3   acceptUrl -> OPTIONAL   addressing -> OPTIONAL   allowConv -> 1   allowDNS -> 1   allowInternic -> 1   allowLeave -> public   allowTelling -> 1   allowTraceroute -> 1   allowUpdate -> 1   ansi_control -> 1   babel -> true   basedir -> .   channelList -> infobot.channels   commitDBM -> 5   confdir -> conf   dbname -> Colin   exchange -> true   excuse -> true   extradir -> extras   fortranMath -> 0   gender -> onna   helpfile -> infobot.help   ident -> Colin   ignore -> Colin-ignore   insult -> true   ircuser -> Colin   ispell -> true   join_channels -> #infobot #Colin   keywords -> Colin-keywords   logfile -> Colin.log   magic8_answers -> conf/magic8.txt   maxDataSize -> 400   maxKeySize -> 50   metar -> true   minVolunteerLength -> 8   mush_passwd -> Colinbot   mush_user -> Colin   perlMath -> 0   pinky -> true   plusplus -> Colin-karma   port -> 6700   purldoc -> true   purldoc_max_public -> 3   purldoc_trigger -> purldoc   quitMsg -> regrouping; bbiab   realname -> Colin   repeatIgnoreInterval -> 8   rss -> true   sanePrefix -> sane   seen -> Colin-seen   server -> oompa-loompa.net   sharedDBMs ->    slash -> true   srcdir -> src   stockquotes -> true   tarot -> true   unignoreWord -> unignore-everyone   userList -> infobot.users   wantNick -> Colin   weather -> true   wwwsearch -> update   zippy -> true
1084212675 [34] Loaded help file infobot.help
1084212675 [35] failed to open is -> ./Colin-is
1084212675 [36] failed to open are -> ./Colin-are
1084212675 [37] failed to open ignore -> ./Colin-ignore
1084212675 [38] loading sane defines conf/sane-is.txt
1084212675 [39] loaded conf/sane-is.txt into is (8/8 good items)
1084212675 [40] loading sane defines conf/sane-are.txt
1084212675 [41] loaded conf/sane-are.txt into are (6/6 good items)
1084212675 [42] Adding *cthulhu!hastur@*unspeakable.net to ignore list (from sane).
1084212675 [43] Adding *!*@*nan*direct.ca to ignore list (from sane).
1084212675 [44] Adding *!*@200.38.211.* to ignore list (from sane).
1084212675 [45] failed to open plusplus -> ./Colin-karma
1084212675 [46] failed to open seen -> ./Colin-seen
1084212675 [47] Parsing User File
1084212675 [48] found user default: flags +trmc
1084212675 [49] found user Jerome: flags +tromf
1084212675 [50] Parsing Channel File
1084212675 [51] setup: 14 factoids; 8 IS; 6 ARE
1084212675 [52] Connecting to port 6700 of server oompa-loompa.net ()...
1084212675 [53]  connected.
1084212675 [54] Skipping past opening blather
1084212675 [55] Sending username and password
1084212680 [56] Unparseable: ÿý"This world is Pueblo 1.10 Enhanced.
1084212701 [57] Unparseable: We have active Publo enhancement. PennMUSH interactions and SQL enhanced.
1084212701 [58] Unparseable: 
1084212701 [59] Unparseable: Welcome to 10 Kingdoms of Yor  -- a fanstay RPG of magic and monsters. 
1084212701 [60] Unparseable: -----------------------------------------------------------------------------
1084212701 [61] Unparseable: Use connect Guest Guest to connect to a Guest character
1084212701 [62] Unparseable: Use create <name> <password> to create a character.
1084212701 [63] Unparseable: Use connect <name> <password> to connect to your existing character.
1084212701 [64] Unparseable: Use QUIT to logout.
1084212701 [65] Unparseable: -----------------------------------------------------------------------------
1084212701 [66] Unparseable: http:\\www.oompa-loompa.net\mush
1084212701 [67] Unparseable: Either that player does not exist, or has a different password.
1084212701 [68] Unparseable: This world is Pueblo 1.10 Enhanced.
1084212701 [69] Unparseable: We have active Publo enhancement. PennMUSH interactions and SQL enhanced.
1084212701 [70] Unparseable: 
1084212701 [71] Unparseable: Welcome to 10 Kingdoms of Yor  -- a fanstay RPG of magic and monsters. 
1084212701 [72] Unparseable: -----------------------------------------------------------------------------
1084212701 [73] Unparseable: Use connect Guest Guest to connect to a Guest character
1084212701 [74] Unparseable: Use create <name> <password> to create a character.
1084212701 [75] Unparseable: Use connect <name> <password> to connect to your existing character.
1084212701 [76] Unparseable: Use QUIT to logout.
1084212701 [77] Unparseable: -----------------------------------------------------------------------------
1084212701 [78] Unparseable: http:\\www.oompa-loompa.net\mush
1084212701 [79] Unparseable: This world is Pueblo 1.10 Enhanced.
1084212724 [80] Unparseable: We have active Publo enhancement. PennMUSH interactions and SQL enhanced.
1084212724 [81] Unparseable: 
1084212724 [82] Unparseable: Welcome to 10 Kingdoms of Yor  -- a fanstay RPG of magic and monsters. 
1084212724 [83] Unparseable: -----------------------------------------------------------------------------
1084212724 [84] Unparseable: Use connect Guest Guest to connect to a Guest character
1084212724 [85] Unparseable: Use create <name> <password> to create a character.
1084212724 [86] Unparseable: Use connect <name> <password> to connect to your existing character.
1084212724 [87] Unparseable: Use QUIT to logout.
1084212724 [88] Unparseable: -----------------------------------------------------------------------------
1084212724 [89] Unparseable: http:\\www.oompa-loompa.net\mush
1084212724 [90] Unparseable: This world is Pueblo 1.10 Enhanced.
1084212724 [91] Unparseable: We have active Publo enhancement. PennMUSH interactions and SQL enhanced.
1084212725 [92] Unparseable: 
1084212725 [93] Unparseable: Welcome to 10 Kingdoms of Yor  -- a fanstay RPG of magic and monsters. 
1084212725 [94] Unparseable: -----------------------------------------------------------------------------
1084212725 [95] Unparseable: Use connect Guest Guest to connect to a Guest character
1084212725 [96] Unparseable: Use create <name> <password> to create a character.
1084212725 [97] Unparseable: Use connect <name> <password> to connect to your existing character.
1084212725 [98] Unparseable: Use QUIT to logout.
1084212725 [99] Unparseable: -----------------------------------------------------------------------------
1084212725 [100] Unparseable: http:\\www.oompa-loompa.net\mush
1084212725 [101] Unparseable: This world is Pueblo 1.10 Enhanced.
1084212725 [102] Unparseable: We have active Publo enhancement. PennMUSH interactions and SQL enhanced.
1084212726 [103] Unparseable: 
1084212726 [104] Unparseable: Welcome to 10 Kingdoms of Yor  -- a fanstay RPG of magic and monsters. 
1084212726 [105] Unparseable: -----------------------------------------------------------------------------
1084212726 [106] Unparseable: Use connect Guest Guest to connect to a Guest character
1084212726 [107] Unparseable: Use create <name> <password> to create a character.
1084212726 [108] Unparseable: Use connect <name> <password> to connect to your existing character.
1084212726 [109] Unparseable: Use QUIT to logout.
1084212726 [110] Unparseable: -----------------------------------------------------------------------------
1084212726 [111] Unparseable: http:\\www.oompa-loompa.net\mush
1084212726 [112] Unparseable: This world is Pueblo 1.10 Enhanced.
1084212726 [113] Unparseable: We have active Publo enhancement. PennMUSH interactions and SQL enhanced.
1084212730 [114] quit
1084212730 [115] closed db is
1084212730 [116] closed db plusplus
1084212730 [117] closed db ignore
1084212730 [118] closed db seen
1084212730 [119] closed db are
