START OF LOG.
[04/24 10:20:58] Indexing file txt/help.txt
[04/24 10:20:58] 1444 topics indexed.
[04/24 10:20:58] Indexing file txt/news.txt
[04/24 10:20:58] 3 topics indexed.
[04/24 10:20:58] Indexing file txt/help.txt (admin topics)
[04/24 10:20:58] 2 topics indexed.
[04/24 10:20:58] Indexing file txt/news.txt (admin topics)
[04/24 10:20:58] 1 topics indexed.
END OF LOG.
START OF LOG.
[04/24 10:22:39] Indexing file txt/help.txt
[04/24 10:22:39] 1444 topics indexed.
[04/24 10:22:39] Indexing file txt/news.txt
[04/24 10:22:39] 3 topics indexed.
[04/24 10:22:39] Indexing file txt/help.txt (admin topics)
[04/24 10:22:39] 2 topics indexed.
[04/24 10:22:39] Indexing file txt/news.txt (admin topics)
[04/24 10:22:39] 1 topics indexed.
END OF LOG.
